<?xml version="1.0"?>
<cameraLst>
    
    <default projectType="orthographic" minZDist="5" maxZDist="1000" view_angle="45.0">
        <position x="0" y="0" z="20"/>
    </default>

    <camera id="levelCamera" projectType="orthographic" minZDist="5" maxZDist="1000" view_angle="45.0" cull="true">
        <position x="400" y="0" z="20"/>
    </camera>

    <camera id="buildingsCamera" projectType="orthographic" minZDist="5" maxZDist="1000" view_angle="45.0" cull="true">
        <position x="400" y="0" z="20"/>
    </camera>

    <camera id="buildingsbackCamera" projectType="orthographic" minZDist="5" maxZDist="1000" view_angle="45.0" cull="true">
        <position x="400" y="0" z="20"/>
    </camera>

    <camera id="buildingsfrontCamera" projectType="orthographic" minZDist="5" maxZDist="1000" view_angle="45.0" cull="true">
        <position x="400" y="0" z="20"/>
    </camera>

    <camera id="forgroundCamera" projectType="orthographic" minZDist="5" maxZDist="1000" view_angle="45.0" cull="true">
        <position x="400" y="0" z="20"/>
    </camera>
  
</cameraLst>
