<?xml version="1.0"?>
<objectDataList2D>

    <!-- DEFAULT DEFAULT DEFAULT DEFAULT DEFAULT DEFAULT DEFAULT DEFAULT -->
    <default name="">
        <visual>
            <mesh genType="quad"/>
            <shader id="shader_2d"/>
        </visual>
    </default>
    <!-- DEFAULT DEFAULT DEFAULT DEFAULT DEFAULT DEFAULT DEFAULT DEFAULT -->
  
    <objectList>

        <object name="background">
            <visual>
                <texture file="data/textures/level/daytime_background.png" filter="NEAREST"/>
            </visual>
        </object>

        <object name="buildingsback">
            <visual>
                <texture file="data/textures/level/daytime_buildingsback.png" filter="NEAREST"/>
            </visual>
        </object>

        <object name="trees">
            <visual>
                <texture file="data/textures/level/daytime_trees.png" filter="NEAREST"/>
            </visual>
        </object>

        <object name="traintracks">
            <visual>
                <texture file="data/textures/level/daytime_traintracks.png" filter="NEAREST"/>
            </visual>
        </object>

        <object name="train">
            <visual>
                <texture file="data/textures/level/daytime_train.png" filter="NEAREST"/>
            </visual>
        </object>

        <object name="cloud_0">
            <visual>
                <texture file="data/textures/level/daytime_cloud01.png" filter="NEAREST"/>
            </visual>
        </object>

        <object name="cloud_1">
            <visual>
                <texture file="data/textures/level/daytime_cloud02.png" filter="NEAREST"/>
            </visual>
        </object>

        <object name="cloud_2">
            <visual>
                <texture file="data/textures/level/daytime_cloud03.png" filter="NEAREST"/>
            </visual>
        </object>

        <object name="cloud_3">
            <visual>
                <texture file="data/textures/level/daytime_cloud04.png" filter="NEAREST"/>
            </visual>
        </object>

        <object name="cloud_4">
            <visual>
                <texture file="data/textures/level/daytime_cloud05.png" filter="NEAREST"/>
            </visual>
        </object>

        <object name="cloud_5">
            <visual>
                <texture file="data/textures/level/daytime_cloud06.png" filter="NEAREST"/>
            </visual>
        </object>

        <object name="cloud_6">
            <visual>
                <texture file="data/textures/level/daytime_cloud07.png" filter="NEAREST"/>
            </visual>
        </object>

        <object name="cloud_7">
            <visual>
                <texture file="data/textures/level/daytime_cloud08.png" filter="NEAREST"/>
            </visual>
        </object>

        <object name="buildingsfront">
            <visual>
                <texture file="data/textures/level/daytime_buildingsfront.png" filter="NEAREST"/>
            </visual>
        </object>

        <object name="building01">
            <visual>
                <texture file="data/textures/level/daytime_building01.png" filter="NEAREST"/>
            </visual>
        </object>

        <object name="building02">
            <visual>
                <texture file="data/textures/level/daytime_building02.png" filter="NEAREST"/>
            </visual>
        </object>

        <object name="building03">
            <visual>
                <texture file="data/textures/level/daytime_building03.png" filter="NEAREST"/>
            </visual>
        </object>

        <object name="building04">
            <visual>
                <texture file="data/textures/level/daytime_building04.png" filter="NEAREST"/>
            </visual>
        </object>

        <object name="building05">
            <visual>
                <texture file="data/textures/level/daytime_building05.png" filter="NEAREST"/>
            </visual>
        </object>

        <object name="building06">
            <visual>
                <texture file="data/textures/level/daytime_building06.png" filter="NEAREST"/>
            </visual>
        </object>

        <object name="building07">
            <visual>
                <texture file="data/textures/level/daytime_building07.png" filter="NEAREST"/>
            </visual>
        </object>

        <object name="building08">
            <visual>
                <texture file="data/textures/level/daytime_building08.png" filter="NEAREST"/>
            </visual>
        </object>

        <object name="player_ship_body">
            <visual>
                <texture file="data/textures/playerShip/blue_1_idle.png" filter="NEAREST"/>
            </visual>
            <collision filterCategoryBits="0x00000001" filterMaskBits="0x00000001" collisionSignal="true">
                <rect radiusFromVisual="true" rectFromVisual="true" rectAsSizeModifier="true">
                    <rect x1="5" y1="5" x2="-5" y2="-5"/>
                </rect>
            </collision>
        </object>

        <object name="player_fire_tail">
            <visual>
                <texture count="12" file="data/textures/playerShip/firetail_halfsize_pixel_${NUM}.png" filter="NEAREST"/>
            </visual>
        </object>

        <object name="player_shot">
            <visual>
                <texture file="data/textures/playerShip/projectile03-4.png" filter="NEAREST"/>
            </visual>
            <collision filterCategoryBits="0x00000001" filterMaskBits="0x00000001" collisionSignal="true">
                <!--<circle radiusFromVisual="true"/>-->
                <!--<rect radiusFromVisual="true" rectFromVisual="true"/>-->
                <point radiusFromVisual="true"/>
                <!--<lineList radiusFromVisual="true" pointsToModelView="true">
                    <line>
                        <point x="5" y="4"/>
                        <point x="10" y="-4"/>
                    </line>
                </lineList>-->
                <!--<polygonList radiusFromVisual="true" pointsToModelView="true" optionalPointCheck="false">
                    <polygon>
                        <point x="0" y="0"/>
                        <point x="0" y="7"/>
                        <point x="16" y="7"/>
                        <point x="16" y="0"/>
                    </polygon>
                </polygonList>-->
            </collision>
        </object>

        <object name="enemy_ship">
            <visual>
                <texture file="data/textures/enemyShip/enemy_3.png"/>
            </visual>
            <collision filterCategoryBits="0x00000001" filterMaskBits="0x00000001">
                
                <!--<polygonList radiusFromVisual="true" pointsToModelView="true" optionalPointCheck="false">
                    <polygon>
                        <point x="2" y="2"/>
                        <point x="2" y="86"/>
                        <point x="68" y="86"/>
                        <point x="68" y="2"/>
                    </polygon>
                </polygonList>-->

                <rect radiusFromVisual="true" rectFromVisual="true" rectAsSizeModifier="true">
                    <rect x1="5" y1="5" x2="-5" y2="-5"/>
                </rect>

                <!--<rect radiusFromVisual="true" rectToModelView="true">
                    <rect x1="9" y1="12" x2="47" y2="120"/>
                    <rect x1="45" y1="17" x2="111" y2="102"/>
                    <rect x1="112" y1="12" x2="150" y2="120"/>
                </rect>
                
                <circle radiusFromVisual="true"/>
                <point radiusFromVisual="true"/>
                <lineList radiusFromVisual="true" pointsToModelView="true">
                    <line>
                        <point x="78" y="5"/>
                        <point x="79" y="100"/>
                    </line>
                </lineList>-->
            </collision>
        </object>

        <object name="enemy_shot">
            <visual>
                <texture file="data/textures/enemyShip/projectile06-5.png" filter="NEAREST"/>
            </visual>
            <collision filterCategoryBits="0x00000001" filterMaskBits="0x00000001" collisionSignal="true">
                <circle radius="10"/>
            </collision>
        </object>

    </objectList>

</objectDataList2D>

